<?xml version="1.0" encoding="UTF-8"?>
<testng-results ignored="0" total="2" passed="2" failed="0" skipped="0">
  <reporter-output>
  </reporter-output>
  <suite started-at="2022-08-16T10:22:45 IST" name="LambdaTestSuite" finished-at="2022-08-16T10:23:27 IST" duration-ms="41998">
    <groups>
    </groups>
    <test started-at="2022-08-16T10:22:45 IST" name="Chrome + 86.0 + Windows 10" finished-at="2022-08-16T10:23:22 IST" duration-ms="37250">
      <class name="Tests.LambdaTest">
        <test-method is-config="true" signature="setUp(java.lang.String,java.lang.String,java.lang.String,java.lang.String)[pri:0, instance:Tests.LambdaTest@78b66d36]" started-at="2022-08-16T10:22:45 IST" name="setUp" finished-at="2022-08-16T10:22:58 IST" duration-ms="12445" status="PASS">
          <params>
            <param index="0">
              <value>
                <![CDATA[Chrome]]>
              </value>
            </param>
            <param index="1">
              <value>
                <![CDATA[86.0]]>
              </value>
            </param>
            <param index="2">
              <value>
                <![CDATA[Windows 10]]>
              </value>
            </param>
            <param index="3">
              <value>
                <![CDATA[https://www.lambdatest.com/]]>
              </value>
            </param>
          </params>
          <reporter-output>
          </reporter-output>
        </test-method> <!-- setUp -->
        <test-method signature="TestScenario(java.lang.String)[pri:0, instance:Tests.LambdaTest@78b66d36]" started-at="2022-08-16T10:22:58 IST" name="TestScenario" finished-at="2022-08-16T10:23:22 IST" duration-ms="24319" status="PASS">
          <params>
            <param index="0">
              <value>
                <![CDATA[Windows 10]]>
              </value>
            </param>
          </params>
          <reporter-output>
          </reporter-output>
        </test-method> <!-- TestScenario -->
        <test-method is-config="true" signature="afterTest()[pri:0, instance:Tests.LambdaTest@78b66d36]" started-at="2022-08-16T10:23:22 IST" name="afterTest" finished-at="2022-08-16T10:23:22 IST" duration-ms="380" status="PASS">
          <reporter-output>
          </reporter-output>
        </test-method> <!-- afterTest -->
      </class> <!-- Tests.LambdaTest -->
    </test> <!-- Chrome + 86.0 + Windows 10 -->
    <test started-at="2022-08-16T10:22:45 IST" name="MicrosoftEdge + 87.0 + macOS Sierra" finished-at="2022-08-16T10:23:27 IST" duration-ms="41998">
      <class name="Tests.LambdaTest">
        <test-method is-config="true" signature="setUp(java.lang.String,java.lang.String,java.lang.String,java.lang.String)[pri:0, instance:Tests.LambdaTest@31368b99]" started-at="2022-08-16T10:22:45 IST" name="setUp" finished-at="2022-08-16T10:22:59 IST" duration-ms="14276" status="PASS">
          <params>
            <param index="0">
              <value>
                <![CDATA[MicrosoftEdge]]>
              </value>
            </param>
            <param index="1">
              <value>
                <![CDATA[87.0]]>
              </value>
            </param>
            <param index="2">
              <value>
                <![CDATA[macOS Sierra]]>
              </value>
            </param>
            <param index="3">
              <value>
                <![CDATA[https://www.lambdatest.com/]]>
              </value>
            </param>
          </params>
          <reporter-output>
          </reporter-output>
        </test-method> <!-- setUp -->
        <test-method signature="TestScenario(java.lang.String)[pri:0, instance:Tests.LambdaTest@31368b99]" started-at="2022-08-16T10:22:59 IST" name="TestScenario" finished-at="2022-08-16T10:23:27 IST" duration-ms="27076" status="PASS">
          <params>
            <param index="0">
              <value>
                <![CDATA[macOS Sierra]]>
              </value>
            </param>
          </params>
          <reporter-output>
          </reporter-output>
        </test-method> <!-- TestScenario -->
        <test-method is-config="true" signature="afterTest()[pri:0, instance:Tests.LambdaTest@31368b99]" started-at="2022-08-16T10:23:27 IST" name="afterTest" finished-at="2022-08-16T10:23:27 IST" duration-ms="630" status="PASS">
          <reporter-output>
          </reporter-output>
        </test-method> <!-- afterTest -->
      </class> <!-- Tests.LambdaTest -->
    </test> <!-- MicrosoftEdge + 87.0 + macOS Sierra -->
  </suite> <!-- LambdaTestSuite -->
</testng-results>
